<?xml version="1.0" encoding="UTF-8"?>
<!-- Generated by org.testng.reporters.JUnitReportReporter -->
<testsuite hostname="Averrie-PC" name="testSuitePackage.testSuite" tests="6" failures="0" timestamp="31 Mar 2016 18:44:35 GMT" time="27.520" errors="0">
  <testcase name="dropDownMenu" time="0.024" classname="testSuitePackage.testSuite"/>
  <testcase name="launchSite" time="0.010" classname="testSuitePackage.testSuite"/>
  <testcase name="createAccount" time="22.078" classname="testSuitePackage.testSuite"/>
  <testcase name="createNotebook" time="3.268" classname="testSuitePackage.testSuite"/>
  <testcase name="wolframDevelopmentPlatform" time="2.030" classname="testSuitePackage.testSuite"/>
  <testcase name="assertFileExtension" time="0.110" classname="testSuitePackage.testSuite"/>
</testsuite> <!-- testSuitePackage.testSuite -->
